<?xml version="1.0" encoding="UTF-8" ?>
<testsuite failures="3" time="81.613" errors="0" skipped="0" tests="6" name="TestSuite">
  <properties>
[...]
</properties>
  <testcase time="1.797" classname="com.wwt.sda.TestNG_Login" name="SDA_Invalid_Login_01"/>
  <testcase time="0.435" classname="com.wwt.sda.TestNG_Login" name="SDA_Invalid_Password_02"/>
  <testcase time="60.517" classname="com.wwt.sda.TestNG_Login" name="SDA_Login_03">
    <failure message="Unable to locate element: {&quot;method&quot;:&quot;xpath&quot;,&quot;selector&quot;:&quot;//*[@id=&apos;user-menu&apos;]//*[@class=&apos;dropdown-toggle&apos;]&quot;}
Command duration or timeout: 60.21 seconds
For documentation on this error, please visit: http://seleniumhq.org/exceptions/no_such_element.html
Build info: version: &apos;2.24.1&apos;, revision: &apos;17205&apos;, time: &apos;2012-06-19 15:28:49&apos;
System info: os.name: &apos;Windows 7&apos;, os.arch: &apos;x86&apos;, os.version: &apos;6.1&apos;, java.version: &apos;1.7.0_25&apos;
Driver info: driver.version: RemoteWebDriver
Session ID: 2be283dc-497a-4dc8-bba2-8dc8c882cdfd" type="org.openqa.selenium.NoSuchElementException">org.openqa.selenium.NoSuchElementException: Unable to locate element: {&quot;method&quot;:&quot;xpath&quot;,&quot;selector&quot;:&quot;//*[@id=&apos;user-menu&apos;]//*[@class=&apos;dropdown-toggle&apos;]&quot;}
Command duration or timeout: 60.21 seconds
For documentation on this error, please visit: http://seleniumhq.org/exceptions/no_such_element.html
Build info: version: &apos;2.24.1&apos;, revision: &apos;17205&apos;, time: &apos;2012-06-19 15:28:49&apos;
System info: os.name: &apos;Windows 7&apos;, os.arch: &apos;x86&apos;, os.version: &apos;6.1&apos;, java.version: &apos;1.7.0_25&apos;
Driver info: driver.version: RemoteWebDriver
Session ID: 2be283dc-497a-4dc8-bba2-8dc8c882cdfd
	at sun.reflect.NativeConstructorAccessorImpl.newInstance0(Native Method)
	at sun.reflect.NativeConstructorAccessorImpl.newInstance(NativeConstructorAccessorImpl.java:57)
	at sun.reflect.DelegatingConstructorAccessorImpl.newInstance(DelegatingConstructorAccessorImpl.java:45)
	at java.lang.reflect.Constructor.newInstance(Constructor.java:526)
	at org.openqa.selenium.remote.ErrorHandler.createThrowable(ErrorHandler.java:188)
	at org.openqa.selenium.remote.ErrorHandler.throwIfResponseFailed(ErrorHandler.java:145)
	at org.openqa.selenium.remote.RemoteWebDriver.execute(RemoteWebDriver.java:472)
	at org.openqa.selenium.remote.RemoteWebDriver.findElement(RemoteWebDriver.java:242)
	at org.openqa.selenium.remote.RemoteWebDriver.findElementByXPath(RemoteWebDriver.java:327)
	at org.openqa.selenium.By$ByXPath.findElement(By.java:343)
	at org.openqa.selenium.remote.RemoteWebDriver.findElement(RemoteWebDriver.java:234)
	at org.openqa.selenium.support.pagefactory.DefaultElementLocator.findElement(DefaultElementLocator.java:59)
	at org.openqa.selenium.support.pagefactory.internal.LocatingElementHandler.invoke(LocatingElementHandler.java:34)
	at com.sun.proxy.$Proxy6.getText(Unknown Source)
	at com.wwt.sda.HomePage.verifyDisplyUserName(HomePage.java:100)
	at com.wwt.sda.TestNG_Login.SDA_Login_03(TestNG_Login.java:78)
Caused by: org.openqa.selenium.remote.ErrorHandler$UnknownServerException: Unable to locate element: {&quot;method&quot;:&quot;xpath&quot;,&quot;selector&quot;:&quot;//*[@id=&apos;user-menu&apos;]//*[@class=&apos;dropdown-toggle&apos;]&quot;}
Build info: version: &apos;2.24.1&apos;, revision: &apos;17205&apos;, time: &apos;2012-06-19 15:28:49&apos;
System info: os.name: &apos;Windows 7&apos;, os.arch: &apos;x86&apos;, os.version: &apos;6.1&apos;, java.version: &apos;1.7.0_25&apos;
Driver info: driver.version: unknown
	at &lt;anonymous class&gt;.&lt;anonymous method&gt;(file:///C:/Users/ramidib/AppData/Local/Temp/anonymous7761102319183145426webdriver-profile/extensions/fxdriver@googlecode.com/components/driver_component.js:6556)
	at &lt;anonymous class&gt;.&lt;anonymous method&gt;(file:///C:/Users/ramidib/AppData/Local/Temp/anonymous7761102319183145426webdriver-profile/extensions/fxdriver@googlecode.com/components/driver_component.js:471)
</failure>
    <system-out>Logging with username : ramidib and pass123
</system-out>
  </testcase>
  <testcase time="15.951" classname="com.wwt.sda.TestNG_SDA_Orders" name="SDA_CreateSupplementalBOM_26">
    <failure message="Error communicating with the remote browser. It may have died.
Build info: version: &apos;2.24.1&apos;, revision: &apos;17205&apos;, time: &apos;2012-06-19 15:28:49&apos;
System info: os.name: &apos;Windows 7&apos;, os.arch: &apos;x86&apos;, os.version: &apos;6.1&apos;, java.version: &apos;1.7.0_25&apos;
Driver info: driver.version: RemoteWebDriver" type="org.openqa.selenium.remote.UnreachableBrowserException">org.openqa.selenium.remote.UnreachableBrowserException: Error communicating with the remote browser. It may have died.
Build info: version: &apos;2.24.1&apos;, revision: &apos;17205&apos;, time: &apos;2012-06-19 15:28:49&apos;
System info: os.name: &apos;Windows 7&apos;, os.arch: &apos;x86&apos;, os.version: &apos;6.1&apos;, java.version: &apos;1.7.0_25&apos;
Driver info: driver.version: RemoteWebDriver
	at org.openqa.selenium.remote.RemoteWebDriver.execute(RemoteWebDriver.java:467)
	at org.openqa.selenium.remote.RemoteWebDriver.findElement(RemoteWebDriver.java:242)
	at org.openqa.selenium.remote.RemoteWebDriver.findElementByXPath(RemoteWebDriver.java:327)
	at org.openqa.selenium.By$ByXPath.findElement(By.java:343)
	at org.openqa.selenium.remote.RemoteWebDriver.findElement(RemoteWebDriver.java:234)
	at org.openqa.selenium.support.pagefactory.DefaultElementLocator.findElement(DefaultElementLocator.java:59)
	at org.openqa.selenium.support.pagefactory.internal.LocatingElementHandler.invoke(LocatingElementHandler.java:34)
	at com.sun.proxy.$Proxy6.click(Unknown Source)
	at com.wwt.sda.HomePage.clickOnMyOrdersBtn(HomePage.java:115)
	at com.wwt.sda.TestNG_SDA_Orders.SDA_CreateSupplementalBOM_26(TestNG_SDA_Orders.java:320)
Caused by: org.apache.http.conn.HttpHostConnectException: Connection to http://127.0.0.1:7058 refused
	at org.apache.http.impl.conn.DefaultClientConnectionOperator.openConnection(DefaultClientConnectionOperator.java:158)
	at org.apache.http.impl.conn.AbstractPoolEntry.open(AbstractPoolEntry.java:149)
	at org.apache.http.impl.conn.AbstractPooledConnAdapter.open(AbstractPooledConnAdapter.java:121)
	at org.apache.http.impl.client.DefaultRequestDirector.tryConnect(DefaultRequestDirector.java:573)
	at org.apache.http.impl.client.DefaultRequestDirector.execute(DefaultRequestDirector.java:425)
	at org.apache.http.impl.client.AbstractHttpClient.execute(AbstractHttpClient.java:820)
	at org.openqa.selenium.remote.HttpCommandExecutor.fallBackExecute(HttpCommandExecutor.java:319)
	at org.openqa.selenium.remote.HttpCommandExecutor.execute(HttpCommandExecutor.java:297)
	at org.openqa.selenium.firefox.internal.NewProfileExtensionConnection.execute(NewProfileExtensionConnection.java:136)
	at org.openqa.selenium.firefox.FirefoxDriver$LazyCommandExecutor.execute(FirefoxDriver.java:325)
	at org.openqa.selenium.remote.RemoteWebDriver.execute(RemoteWebDriver.java:446)
	... 44 more
Caused by: java.net.ConnectException: Connection refused: connect
	at java.net.DualStackPlainSocketImpl.waitForConnect(Native Method)
	at java.net.DualStackPlainSocketImpl.socketConnect(DualStackPlainSocketImpl.java:85)
	at java.net.AbstractPlainSocketImpl.doConnect(AbstractPlainSocketImpl.java:339)
	at java.net.AbstractPlainSocketImpl.connectToAddress(AbstractPlainSocketImpl.java:200)
	at java.net.AbstractPlainSocketImpl.connect(AbstractPlainSocketImpl.java:182)
	at java.net.PlainSocketImpl.connect(PlainSocketImpl.java:172)
	at java.net.SocksSocketImpl.connect(SocksSocketImpl.java:392)
	at java.net.Socket.connect(Socket.java:579)
	at org.apache.http.conn.scheme.PlainSocketFactory.connectSocket(PlainSocketFactory.java:123)
	at org.apache.http.impl.conn.DefaultClientConnectionOperator.openConnection(DefaultClientConnectionOperator.java:148)
	... 54 more
</failure>
    <system-out>SDA_CreateSupplementalBOM_26
</system-out>
  </testcase>
  <testcase time="1.067" classname="com.wwt.sda.TestNG_SDA" name="SDA_CreateBOM_ReadyToOrder_OrderSubmitted_18">
    <failure message="Error communicating with the remote browser. It may have died.
Build info: version: &apos;2.24.1&apos;, revision: &apos;17205&apos;, time: &apos;2012-06-19 15:28:49&apos;
System info: os.name: &apos;Windows 7&apos;, os.arch: &apos;x86&apos;, os.version: &apos;6.1&apos;, java.version: &apos;1.7.0_25&apos;
Driver info: driver.version: FirefoxDriver" type="org.openqa.selenium.remote.UnreachableBrowserException">org.openqa.selenium.remote.UnreachableBrowserException: Error communicating with the remote browser. It may have died.
Build info: version: &apos;2.24.1&apos;, revision: &apos;17205&apos;, time: &apos;2012-06-19 15:28:49&apos;
System info: os.name: &apos;Windows 7&apos;, os.arch: &apos;x86&apos;, os.version: &apos;6.1&apos;, java.version: &apos;1.7.0_25&apos;
Driver info: driver.version: FirefoxDriver
	at org.openqa.selenium.remote.RemoteWebDriver.execute(RemoteWebDriver.java:467)
	at org.openqa.selenium.firefox.FirefoxDriver.access$100(FirefoxDriver.java:75)
	at org.openqa.selenium.firefox.FirefoxDriver$2$1.implicitlyWait(FirefoxDriver.java:187)
	at com.wwt.sda.TestNG_SDA.SDA_CreateBOM_ReadyToOrder_OrderSubmitted_18(TestNG_SDA.java:347)
Caused by: org.apache.http.conn.HttpHostConnectException: Connection to http://127.0.0.1:7057 refused
	at org.apache.http.impl.conn.DefaultClientConnectionOperator.openConnection(DefaultClientConnectionOperator.java:158)
	at org.apache.http.impl.conn.AbstractPoolEntry.open(AbstractPoolEntry.java:149)
	at org.apache.http.impl.conn.AbstractPooledConnAdapter.open(AbstractPooledConnAdapter.java:121)
	at org.apache.http.impl.client.DefaultRequestDirector.tryConnect(DefaultRequestDirector.java:573)
	at org.apache.http.impl.client.DefaultRequestDirector.execute(DefaultRequestDirector.java:425)
	at org.apache.http.impl.client.AbstractHttpClient.execute(AbstractHttpClient.java:820)
	at org.openqa.selenium.remote.HttpCommandExecutor.fallBackExecute(HttpCommandExecutor.java:319)
	at org.openqa.selenium.remote.HttpCommandExecutor.execute(HttpCommandExecutor.java:297)
	at org.openqa.selenium.firefox.internal.NewProfileExtensionConnection.execute(NewProfileExtensionConnection.java:136)
	at org.openqa.selenium.firefox.FirefoxDriver$LazyCommandExecutor.execute(FirefoxDriver.java:325)
	at org.openqa.selenium.remote.RemoteWebDriver.execute(RemoteWebDriver.java:446)
	... 38 more
Caused by: java.net.ConnectException: Connection refused: connect
	at java.net.DualStackPlainSocketImpl.waitForConnect(Native Method)
	at java.net.DualStackPlainSocketImpl.socketConnect(DualStackPlainSocketImpl.java:85)
	at java.net.AbstractPlainSocketImpl.doConnect(AbstractPlainSocketImpl.java:339)
	at java.net.AbstractPlainSocketImpl.connectToAddress(AbstractPlainSocketImpl.java:200)
	at java.net.AbstractPlainSocketImpl.connect(AbstractPlainSocketImpl.java:182)
	at java.net.PlainSocketImpl.connect(PlainSocketImpl.java:172)
	at java.net.SocksSocketImpl.connect(SocksSocketImpl.java:392)
	at java.net.Socket.connect(Socket.java:579)
	at org.apache.http.conn.scheme.PlainSocketFactory.connectSocket(PlainSocketFactory.java:123)
	at org.apache.http.impl.conn.DefaultClientConnectionOperator.openConnection(DefaultClientConnectionOperator.java:148)
	... 48 more
</failure>
  </testcase>
  <testcase time="1.846" classname="com.wwt.sda.AppTest" name="testApp on instance testApp(com.wwt.sda.AppTest)"/>
</testsuite>